[0.154s] DEBUG:colcon:Command line arguments: ['/usr/bin/colcon', 'build', '--symlink-install']
[0.154s] DEBUG:colcon:Parsed command line arguments: Namespace(allow_overriding=[], ament_cmake_args=None, base_paths=['.'], build_base='build', catkin_cmake_args=None, catkin_skip_building_tests=False, cmake_args=None, cmake_clean_cache=False, cmake_clean_first=False, cmake_force_configure=False, cmake_target=None, cmake_target_skip_unavailable=False, continue_on_error=False, event_handlers=None, executor='parallel', ignore_user_meta=False, install_base='install', log_base=None, log_level=None, main=<bound method BuildVerb.main of <colcon_core.verb.build.BuildVerb object at 0xffffbb38ed90>>, merge_install=False, metas=['./colcon.meta'], packages_above=None, packages_above_and_dependencies=None, packages_above_depth=None, packages_end=None, packages_ignore=None, packages_ignore_regex=None, packages_select=None, packages_select_build_failed=False, packages_select_by_dep=None, packages_select_regex=None, packages_select_test_failures=False, packages_skip=None, packages_skip_build_finished=False, packages_skip_by_dep=None, packages_skip_regex=None, packages_skip_test_passed=False, packages_skip_up_to=None, packages_start=None, packages_up_to=None, packages_up_to_regex=None, parallel_workers=6, paths=None, symlink_install=True, test_result_base=None, verb_extension=<colcon_core.verb.build.BuildVerb object at 0xffffbb38ed90>, verb_name='build', verb_parser=<colcon_defaults.argument_parser.defaults.DefaultArgumentsDecorator object at 0xffffbb31b340>)
[0.168s] Level 1:colcon.colcon_core.package_discovery:discover_packages(colcon_meta) check parameters
[0.168s] Level 1:colcon.colcon_core.package_discovery:discover_packages(recursive) check parameters
[0.168s] Level 1:colcon.colcon_core.package_discovery:discover_packages(ignore) check parameters
[0.168s] Level 1:colcon.colcon_core.package_discovery:discover_packages(path) check parameters
[0.168s] Level 1:colcon.colcon_core.package_discovery:discover_packages(colcon_meta) discover
[0.168s] Level 1:colcon.colcon_core.package_discovery:discover_packages(recursive) discover
[0.168s] INFO:colcon.colcon_core.package_discovery:Crawling recursively for packages in '/home/dev/vacuum_ws/src/vacuum_bot'
[0.168s] Level 1:colcon.colcon_core.package_identification:_identify(.) by extensions ['ignore', 'ignore_ament_install']
[0.168s] Level 1:colcon.colcon_core.package_identification:_identify(.) by extension 'ignore'
[0.168s] Level 1:colcon.colcon_core.package_identification:_identify(.) by extension 'ignore_ament_install'
[0.168s] Level 1:colcon.colcon_core.package_identification:_identify(.) by extensions ['colcon_pkg']
[0.168s] Level 1:colcon.colcon_core.package_identification:_identify(.) by extension 'colcon_pkg'
[0.168s] Level 1:colcon.colcon_core.package_identification:_identify(.) by extensions ['colcon_meta']
[0.169s] Level 1:colcon.colcon_core.package_identification:_identify(.) by extension 'colcon_meta'
[0.169s] Level 1:colcon.colcon_core.package_identification:_identify(.) by extensions ['ros']
[0.169s] Level 1:colcon.colcon_core.package_identification:_identify(.) by extension 'ros'
[0.182s] DEBUG:colcon.colcon_core.package_identification:Package '.' with type 'ros.ament_cmake' and name 'vacuum_bot'
[0.182s] Level 1:colcon.colcon_core.package_discovery:discover_packages(recursive) using defaults
[0.182s] Level 1:colcon.colcon_core.package_discovery:discover_packages(ignore) discover
[0.182s] Level 1:colcon.colcon_core.package_discovery:discover_packages(ignore) using defaults
[0.182s] Level 1:colcon.colcon_core.package_discovery:discover_packages(path) discover
[0.182s] Level 1:colcon.colcon_core.package_discovery:discover_packages(path) using defaults
[0.194s] Level 1:colcon.colcon_core.package_discovery:discover_packages(prefix_path) check parameters
[0.194s] Level 1:colcon.colcon_core.package_discovery:discover_packages(prefix_path) discover
[0.195s] DEBUG:colcon.colcon_installed_package_information.package_discovery:Found 1 installed packages in /home/dev/vacuum_ws/install
[0.196s] DEBUG:colcon.colcon_installed_package_information.package_discovery:Found 272 installed packages in /opt/ros/foxy
[0.197s] Level 1:colcon.colcon_core.package_discovery:discover_packages(prefix_path) using defaults
[0.229s] Level 5:colcon.colcon_core.verb:set package 'vacuum_bot' build argument 'cmake_args' from command line to 'None'
[0.229s] Level 5:colcon.colcon_core.verb:set package 'vacuum_bot' build argument 'cmake_target' from command line to 'None'
[0.229s] Level 5:colcon.colcon_core.verb:set package 'vacuum_bot' build argument 'cmake_target_skip_unavailable' from command line to 'False'
[0.229s] Level 5:colcon.colcon_core.verb:set package 'vacuum_bot' build argument 'cmake_clean_cache' from command line to 'False'
[0.229s] Level 5:colcon.colcon_core.verb:set package 'vacuum_bot' build argument 'cmake_clean_first' from command line to 'False'
[0.229s] Level 5:colcon.colcon_core.verb:set package 'vacuum_bot' build argument 'cmake_force_configure' from command line to 'False'
[0.229s] Level 5:colcon.colcon_core.verb:set package 'vacuum_bot' build argument 'ament_cmake_args' from command line to 'None'
[0.229s] Level 5:colcon.colcon_core.verb:set package 'vacuum_bot' build argument 'catkin_cmake_args' from command line to 'None'
[0.229s] Level 5:colcon.colcon_core.verb:set package 'vacuum_bot' build argument 'catkin_skip_building_tests' from command line to 'False'
[0.229s] DEBUG:colcon.colcon_core.verb:Building package 'vacuum_bot' with the following arguments: {'ament_cmake_args': None, 'build_base': '/home/dev/vacuum_ws/src/vacuum_bot/build/vacuum_bot', 'catkin_cmake_args': None, 'catkin_skip_building_tests': False, 'cmake_args': None, 'cmake_clean_cache': False, 'cmake_clean_first': False, 'cmake_force_configure': False, 'cmake_target': None, 'cmake_target_skip_unavailable': False, 'install_base': '/home/dev/vacuum_ws/src/vacuum_bot/install/vacuum_bot', 'merge_install': False, 'path': '/home/dev/vacuum_ws/src/vacuum_bot', 'symlink_install': True, 'test_result_base': None}
[0.230s] INFO:colcon.colcon_core.executor:Executing jobs using 'parallel' executor
[0.231s] DEBUG:colcon.colcon_parallel_executor.executor.parallel:run_until_complete
[0.231s] INFO:colcon.colcon_ros.task.ament_cmake.build:Building ROS package in '/home/dev/vacuum_ws/src/vacuum_bot' with build type 'ament_cmake'
[0.231s] INFO:colcon.colcon_cmake.task.cmake.build:Building CMake package in '/home/dev/vacuum_ws/src/vacuum_bot'
[0.234s] INFO:colcon.colcon_core.plugin_system:Skipping extension 'colcon_core.shell.bat': Not used on non-Windows systems
[0.234s] INFO:colcon.colcon_core.shell:Skip shell extension 'powershell' for command environment: Not usable outside of PowerShell
[0.234s] DEBUG:colcon.colcon_core.shell:Skip shell extension 'dsv' for command environment
[0.243s] DEBUG:colcon.colcon_core.event_handler.log_command:Invoking command in '/home/dev/vacuum_ws/src/vacuum_bot/build/vacuum_bot': CMAKE_PREFIX_PATH=${CMAKE_PREFIX_PATH}:/opt/ros/foxy /usr/bin/cmake --build /home/dev/vacuum_ws/src/vacuum_bot/build/vacuum_bot -- -j6 -l6
[0.269s] DEBUG:colcon.colcon_core.event_handler.log_command:Invoked command in '/home/dev/vacuum_ws/src/vacuum_bot/build/vacuum_bot' returned '0': CMAKE_PREFIX_PATH=${CMAKE_PREFIX_PATH}:/opt/ros/foxy /usr/bin/cmake --build /home/dev/vacuum_ws/src/vacuum_bot/build/vacuum_bot -- -j6 -l6
[0.290s] DEBUG:colcon.colcon_core.event_handler.log_command:Invoking command in '/home/dev/vacuum_ws/src/vacuum_bot/build/vacuum_bot': CMAKE_PREFIX_PATH=${CMAKE_PREFIX_PATH}:/opt/ros/foxy /usr/bin/cmake --install /home/dev/vacuum_ws/src/vacuum_bot/build/vacuum_bot
[0.306s] Level 1:colcon.colcon_core.environment:create_environment_scripts_only(vacuum_bot)
[0.306s] DEBUG:colcon.colcon_core.event_handler.log_command:Invoked command in '/home/dev/vacuum_ws/src/vacuum_bot/build/vacuum_bot' returned '0': CMAKE_PREFIX_PATH=${CMAKE_PREFIX_PATH}:/opt/ros/foxy /usr/bin/cmake --install /home/dev/vacuum_ws/src/vacuum_bot/build/vacuum_bot
[0.309s] Level 1:colcon.colcon_core.environment:checking '/home/dev/vacuum_ws/src/vacuum_bot/install/vacuum_bot' for CMake module files
[0.310s] Level 1:colcon.colcon_core.environment:checking '/home/dev/vacuum_ws/src/vacuum_bot/install/vacuum_bot' for CMake config files
[0.310s] Level 1:colcon.colcon_core.shell:create_environment_hook('vacuum_bot', 'cmake_prefix_path')
[0.310s] INFO:colcon.colcon_core.shell:Creating environment hook '/home/dev/vacuum_ws/src/vacuum_bot/install/vacuum_bot/share/vacuum_bot/hook/cmake_prefix_path.ps1'
[0.311s] INFO:colcon.colcon_core.shell:Creating environment descriptor '/home/dev/vacuum_ws/src/vacuum_bot/install/vacuum_bot/share/vacuum_bot/hook/cmake_prefix_path.dsv'
[0.311s] INFO:colcon.colcon_core.shell:Creating environment hook '/home/dev/vacuum_ws/src/vacuum_bot/install/vacuum_bot/share/vacuum_bot/hook/cmake_prefix_path.sh'
[0.312s] Level 1:colcon.colcon_core.environment:checking '/home/dev/vacuum_ws/src/vacuum_bot/install/vacuum_bot/bin'
[0.312s] Level 1:colcon.colcon_core.environment:checking '/home/dev/vacuum_ws/src/vacuum_bot/install/vacuum_bot/lib/pkgconfig/vacuum_bot.pc'
[0.312s] Level 1:colcon.colcon_core.environment:checking '/home/dev/vacuum_ws/src/vacuum_bot/install/vacuum_bot/lib/python3.8/site-packages'
[0.312s] Level 1:colcon.colcon_core.environment:checking '/home/dev/vacuum_ws/src/vacuum_bot/install/vacuum_bot/bin'
[0.313s] INFO:colcon.colcon_core.shell:Creating package script '/home/dev/vacuum_ws/src/vacuum_bot/install/vacuum_bot/share/vacuum_bot/package.ps1'
[0.313s] INFO:colcon.colcon_core.shell:Creating package descriptor '/home/dev/vacuum_ws/src/vacuum_bot/install/vacuum_bot/share/vacuum_bot/package.dsv'
[0.313s] INFO:colcon.colcon_core.shell:Creating package script '/home/dev/vacuum_ws/src/vacuum_bot/install/vacuum_bot/share/vacuum_bot/package.sh'
[0.314s] INFO:colcon.colcon_core.shell:Creating package script '/home/dev/vacuum_ws/src/vacuum_bot/install/vacuum_bot/share/vacuum_bot/package.bash'
[0.314s] INFO:colcon.colcon_core.shell:Creating package script '/home/dev/vacuum_ws/src/vacuum_bot/install/vacuum_bot/share/vacuum_bot/package.zsh'
[0.315s] Level 1:colcon.colcon_core.environment:create_file_with_runtime_dependencies(/home/dev/vacuum_ws/src/vacuum_bot/install/vacuum_bot/share/colcon-core/packages/vacuum_bot)
[0.328s] Level 1:colcon.colcon_core.environment:create_environment_scripts_only(vacuum_bot)
[0.329s] Level 1:colcon.colcon_core.environment:checking '/home/dev/vacuum_ws/src/vacuum_bot/install/vacuum_bot' for CMake module files
[0.329s] Level 1:colcon.colcon_core.environment:checking '/home/dev/vacuum_ws/src/vacuum_bot/install/vacuum_bot' for CMake config files
[0.330s] Level 1:colcon.colcon_core.shell:create_environment_hook('vacuum_bot', 'cmake_prefix_path')
[0.330s] INFO:colcon.colcon_core.shell:Creating environment hook '/home/dev/vacuum_ws/src/vacuum_bot/install/vacuum_bot/share/vacuum_bot/hook/cmake_prefix_path.ps1'
[0.331s] INFO:colcon.colcon_core.shell:Creating environment descriptor '/home/dev/vacuum_ws/src/vacuum_bot/install/vacuum_bot/share/vacuum_bot/hook/cmake_prefix_path.dsv'
[0.331s] INFO:colcon.colcon_core.shell:Creating environment hook '/home/dev/vacuum_ws/src/vacuum_bot/install/vacuum_bot/share/vacuum_bot/hook/cmake_prefix_path.sh'
[0.332s] Level 1:colcon.colcon_core.environment:checking '/home/dev/vacuum_ws/src/vacuum_bot/install/vacuum_bot/bin'
[0.332s] Level 1:colcon.colcon_core.environment:checking '/home/dev/vacuum_ws/src/vacuum_bot/install/vacuum_bot/lib/pkgconfig/vacuum_bot.pc'
[0.332s] Level 1:colcon.colcon_core.environment:checking '/home/dev/vacuum_ws/src/vacuum_bot/install/vacuum_bot/lib/python3.8/site-packages'
[0.332s] Level 1:colcon.colcon_core.environment:checking '/home/dev/vacuum_ws/src/vacuum_bot/install/vacuum_bot/bin'
[0.333s] INFO:colcon.colcon_core.shell:Creating package script '/home/dev/vacuum_ws/src/vacuum_bot/install/vacuum_bot/share/vacuum_bot/package.ps1'
[0.333s] INFO:colcon.colcon_core.shell:Creating package descriptor '/home/dev/vacuum_ws/src/vacuum_bot/install/vacuum_bot/share/vacuum_bot/package.dsv'
[0.333s] INFO:colcon.colcon_core.shell:Creating package script '/home/dev/vacuum_ws/src/vacuum_bot/install/vacuum_bot/share/vacuum_bot/package.sh'
[0.333s] INFO:colcon.colcon_core.shell:Creating package script '/home/dev/vacuum_ws/src/vacuum_bot/install/vacuum_bot/share/vacuum_bot/package.bash'
[0.334s] INFO:colcon.colcon_core.shell:Creating package script '/home/dev/vacuum_ws/src/vacuum_bot/install/vacuum_bot/share/vacuum_bot/package.zsh'
[0.334s] Level 1:colcon.colcon_core.environment:create_file_with_runtime_dependencies(/home/dev/vacuum_ws/src/vacuum_bot/install/vacuum_bot/share/colcon-core/packages/vacuum_bot)
[0.334s] DEBUG:colcon.colcon_parallel_executor.executor.parallel:closing loop
[0.334s] DEBUG:colcon.colcon_parallel_executor.executor.parallel:loop closed
[0.334s] DEBUG:colcon.colcon_parallel_executor.executor.parallel:run_until_complete finished with '0'
[0.334s] DEBUG:colcon.colcon_core.event_reactor:joining thread
[0.338s] INFO:colcon.colcon_core.plugin_system:Skipping extension 'colcon_notification.desktop_notification.terminal_notifier': Not used on non-Darwin systems
[0.338s] INFO:colcon.colcon_core.plugin_system:Skipping extension 'colcon_notification.desktop_notification.win32': Not used on non-Windows systems
[0.338s] INFO:colcon.colcon_notification.desktop_notification:Sending desktop notification using 'notify2'
[0.348s] DEBUG:colcon.colcon_core.event_reactor:joined thread
[0.349s] INFO:colcon.colcon_core.shell:Creating prefix script '/home/dev/vacuum_ws/src/vacuum_bot/install/local_setup.ps1'
[0.350s] INFO:colcon.colcon_core.shell:Creating prefix util module '/home/dev/vacuum_ws/src/vacuum_bot/install/_local_setup_util_ps1.py'
[0.351s] INFO:colcon.colcon_core.shell:Creating prefix chain script '/home/dev/vacuum_ws/src/vacuum_bot/install/setup.ps1'
[0.352s] INFO:colcon.colcon_core.shell:Creating prefix script '/home/dev/vacuum_ws/src/vacuum_bot/install/local_setup.sh'
[0.352s] INFO:colcon.colcon_core.shell:Creating prefix util module '/home/dev/vacuum_ws/src/vacuum_bot/install/_local_setup_util_sh.py'
[0.352s] INFO:colcon.colcon_core.shell:Creating prefix chain script '/home/dev/vacuum_ws/src/vacuum_bot/install/setup.sh'
[0.353s] INFO:colcon.colcon_core.shell:Creating prefix script '/home/dev/vacuum_ws/src/vacuum_bot/install/local_setup.bash'
[0.354s] INFO:colcon.colcon_core.shell:Creating prefix chain script '/home/dev/vacuum_ws/src/vacuum_bot/install/setup.bash'
[0.354s] INFO:colcon.colcon_core.shell:Creating prefix script '/home/dev/vacuum_ws/src/vacuum_bot/install/local_setup.zsh'
[0.355s] INFO:colcon.colcon_core.shell:Creating prefix chain script '/home/dev/vacuum_ws/src/vacuum_bot/install/setup.zsh'
