[0.006s] Invoking command in '/home/dev/vacuum_ws/src/vacuum_bot/build/vacuum_bot': CMAKE_PREFIX_PATH=${CMAKE_PREFIX_PATH}:/opt/ros/foxy /usr/bin/cmake /home/dev/vacuum_ws/src/vacuum_bot -DAMENT_CMAKE_SYMLINK_INSTALL=1 -DCMAKE_INSTALL_PREFIX=/home/dev/vacuum_ws/src/vacuum_bot/install/vacuum_bot
[0.067s] -- The C compiler identification is GNU 9.4.0
[0.115s] -- The CXX compiler identification is GNU 9.4.0
[0.121s] -- Check for working C compiler: /usr/bin/cc
[0.159s] -- Check for working C compiler: /usr/bin/cc -- works
[0.161s] -- Detecting C compiler ABI info
[0.198s] -- Detecting C compiler ABI info - done
[0.206s] -- Detecting C compile features
[0.206s] -- Detecting C compile features - done
[0.208s] -- Check for working CXX compiler: /usr/bin/c++
[0.249s] -- Check for working CXX compiler: /usr/bin/c++ -- works
[0.250s] -- Detecting CXX compiler ABI info
[0.293s] -- Detecting CXX compiler ABI info - done
[0.300s] -- Detecting CXX compile features
[0.300s] -- Detecting CXX compile features - done
[0.304s] -- Found ament_cmake: 0.9.11 (/opt/ros/foxy/share/ament_cmake/cmake)
[0.321s] -- Found PythonInterp: /usr/bin/python3 (found suitable version "3.8.10", minimum required is "3") 
[0.321s] -- Using PYTHON_EXECUTABLE: /usr/bin/python3
[0.407s] -- Override CMake install command with custom implementation using symlinks instead of copying resources
[0.428s] -- Found ament_lint_auto: 0.9.8 (/opt/ros/foxy/share/ament_lint_auto/cmake)
[0.475s] -- Added test 'copyright' to check source files copyright and LICENSE
[0.523s] -- Added test 'cppcheck' to perform static code analysis on C / C++ code
[0.523s] -- Configured cppcheck include dirs: 
[0.523s] -- Configured cppcheck exclude dirs and/or files: 
[0.568s] -- Added test 'cpplint' to check C / C++ code against the Google style
[0.568s] -- Configured cpplint exclude dirs and/or files: 
[0.575s] -- Added test 'flake8' to check Python code syntax and style conventions
[0.589s] -- Added test 'lint_cmake' to check CMake code style
[0.595s] -- Added test 'pep257' to check Python code against some of the style conventions in PEP 257
[0.644s] -- Added test 'uncrustify' to check C / C++ code style
[0.644s] -- Configured uncrustify additional arguments: 
[0.650s] -- Added test 'xmllint' to check XML markup files
[0.652s] -- Configuring done
[0.653s] -- Generating done
[0.654s] -- Build files have been written to: /home/dev/vacuum_ws/src/vacuum_bot/build/vacuum_bot
[0.656s] Invoked command in '/home/dev/vacuum_ws/src/vacuum_bot/build/vacuum_bot' returned '0': CMAKE_PREFIX_PATH=${CMAKE_PREFIX_PATH}:/opt/ros/foxy /usr/bin/cmake /home/dev/vacuum_ws/src/vacuum_bot -DAMENT_CMAKE_SYMLINK_INSTALL=1 -DCMAKE_INSTALL_PREFIX=/home/dev/vacuum_ws/src/vacuum_bot/install/vacuum_bot
[0.658s] Invoking command in '/home/dev/vacuum_ws/src/vacuum_bot/build/vacuum_bot': CMAKE_PREFIX_PATH=${CMAKE_PREFIX_PATH}:/opt/ros/foxy /usr/bin/cmake --build /home/dev/vacuum_ws/src/vacuum_bot/build/vacuum_bot -- -j6 -l6
[0.678s] Invoked command in '/home/dev/vacuum_ws/src/vacuum_bot/build/vacuum_bot' returned '0': CMAKE_PREFIX_PATH=${CMAKE_PREFIX_PATH}:/opt/ros/foxy /usr/bin/cmake --build /home/dev/vacuum_ws/src/vacuum_bot/build/vacuum_bot -- -j6 -l6
[0.694s] Invoking command in '/home/dev/vacuum_ws/src/vacuum_bot/build/vacuum_bot': CMAKE_PREFIX_PATH=${CMAKE_PREFIX_PATH}:/opt/ros/foxy /usr/bin/cmake --install /home/dev/vacuum_ws/src/vacuum_bot/build/vacuum_bot
[0.697s] -- Install configuration: ""
[0.697s] -- Execute custom install script
[0.698s] -- Symlinking: /home/dev/vacuum_ws/src/vacuum_bot/install/vacuum_bot/share/vacuum_bot/config/empty.yaml
[0.703s] -- Symlinking: /home/dev/vacuum_ws/src/vacuum_bot/install/vacuum_bot/share/vacuum_bot/config/mapper_params_online_async.yaml
[0.707s] -- Symlinking: /home/dev/vacuum_ws/src/vacuum_bot/install/vacuum_bot/share/vacuum_bot/description/gazebo_control.xacro
[0.712s] -- Symlinking: /home/dev/vacuum_ws/src/vacuum_bot/install/vacuum_bot/share/vacuum_bot/description/inertial_macros.xacro
[0.716s] -- Symlinking: /home/dev/vacuum_ws/src/vacuum_bot/install/vacuum_bot/share/vacuum_bot/description/lidar.xacro
[0.720s] -- Symlinking: /home/dev/vacuum_ws/src/vacuum_bot/install/vacuum_bot/share/vacuum_bot/description/robot.urdf.xacro
[0.725s] -- Symlinking: /home/dev/vacuum_ws/src/vacuum_bot/install/vacuum_bot/share/vacuum_bot/description/robot_core.xacro
[0.729s] -- Symlinking: /home/dev/vacuum_ws/src/vacuum_bot/install/vacuum_bot/share/vacuum_bot/launch/launch_sim.launch.py
[0.733s] -- Symlinking: /home/dev/vacuum_ws/src/vacuum_bot/install/vacuum_bot/share/vacuum_bot/launch/load_world.launch.py
[0.737s] -- Symlinking: /home/dev/vacuum_ws/src/vacuum_bot/install/vacuum_bot/share/vacuum_bot/launch/rsp.launch.py
[0.741s] -- Symlinking: /home/dev/vacuum_ws/src/vacuum_bot/install/vacuum_bot/share/vacuum_bot/worlds/empty.world
[0.745s] -- Symlinking: /home/dev/vacuum_ws/src/vacuum_bot/install/vacuum_bot/share/vacuum_bot/worlds/small_house.world
[0.750s] -- Symlinking: /home/dev/vacuum_ws/src/vacuum_bot/install/vacuum_bot/share/ament_index/resource_index/package_run_dependencies/vacuum_bot
[0.754s] -- Symlinking: /home/dev/vacuum_ws/src/vacuum_bot/install/vacuum_bot/share/ament_index/resource_index/parent_prefix_path/vacuum_bot
[0.759s] -- Symlinking: /home/dev/vacuum_ws/src/vacuum_bot/install/vacuum_bot/share/vacuum_bot/environment/ament_prefix_path.sh
[0.764s] -- Symlinking: /home/dev/vacuum_ws/src/vacuum_bot/install/vacuum_bot/share/vacuum_bot/environment/ament_prefix_path.dsv
[0.768s] -- Symlinking: /home/dev/vacuum_ws/src/vacuum_bot/install/vacuum_bot/share/vacuum_bot/environment/path.sh
[0.773s] -- Symlinking: /home/dev/vacuum_ws/src/vacuum_bot/install/vacuum_bot/share/vacuum_bot/environment/path.dsv
[0.777s] -- Symlinking: /home/dev/vacuum_ws/src/vacuum_bot/install/vacuum_bot/share/vacuum_bot/local_setup.bash
[0.781s] -- Symlinking: /home/dev/vacuum_ws/src/vacuum_bot/install/vacuum_bot/share/vacuum_bot/local_setup.sh
[0.786s] -- Symlinking: /home/dev/vacuum_ws/src/vacuum_bot/install/vacuum_bot/share/vacuum_bot/local_setup.zsh
[0.790s] -- Symlinking: /home/dev/vacuum_ws/src/vacuum_bot/install/vacuum_bot/share/vacuum_bot/local_setup.dsv
[0.793s] -- Symlinking: /home/dev/vacuum_ws/src/vacuum_bot/install/vacuum_bot/share/vacuum_bot/package.dsv
[0.798s] -- Symlinking: /home/dev/vacuum_ws/src/vacuum_bot/install/vacuum_bot/share/ament_index/resource_index/packages/vacuum_bot
[0.802s] -- Symlinking: /home/dev/vacuum_ws/src/vacuum_bot/install/vacuum_bot/share/vacuum_bot/cmake/vacuum_botConfig.cmake
[0.806s] -- Symlinking: /home/dev/vacuum_ws/src/vacuum_bot/install/vacuum_bot/share/vacuum_bot/cmake/vacuum_botConfig-version.cmake
[0.810s] -- Symlinking: /home/dev/vacuum_ws/src/vacuum_bot/install/vacuum_bot/share/vacuum_bot/package.xml
[0.816s] Invoked command in '/home/dev/vacuum_ws/src/vacuum_bot/build/vacuum_bot' returned '0': CMAKE_PREFIX_PATH=${CMAKE_PREFIX_PATH}:/opt/ros/foxy /usr/bin/cmake --install /home/dev/vacuum_ws/src/vacuum_bot/build/vacuum_bot
